Build started 07/05/2017 21:45:36.
     1>Project "C:\git_repos\sqlitebrowser\libs\qscintilla\Qt4Qt5\qscintilla2.vcxproj" on node 4 (Build target(s)).
     1>PreBuildEvent:
         setlocal
         cd C:\git_repos\sqlitebrowser\libs\qscintilla\Qt4Qt5
         if %errorlevel% neq 0 goto :cmEnd
         C:
         if %errorlevel% neq 0 goto :cmEnd
         "C:\Program Files (x86)\CMake\bin\cmake.exe" -E cmake_autogen C:/git_repos/sqlitebrowser/libs/qscintilla/Qt4Qt5/CMakeFiles/qscintilla2_autogen.dir/ Debug
         if %errorlevel% neq 0 goto :cmEnd
         :cmEnd
         endlocal & call :cmErrorLevel %errorlevel% & goto :cmDone
         :cmErrorLevel
         exit /b %1
         :cmDone
         if %errorlevel% neq 0 goto :VCEnd
         :VCEnd
         Generating MOC source qscintilla2_autogen/SARX73RSAP/moc_qsciabstractapis.cpp
         Generating MOC source qscintilla2_autogen/SARX73RSAP/moc_qsciapis.cpp
         Generating MOC source qscintilla2_autogen/SARX73RSAP/moc_qscilexer.cpp
         Generating MOC source qscintilla2_autogen/SARX73RSAP/moc_qscilexercustom.cpp
         Generating MOC source qscintilla2_autogen/SARX73RSAP/moc_qscilexersql.cpp
         Generating MOC source qscintilla2_autogen/SARX73RSAP/moc_qscimacro.cpp
         Generating MOC source qscintilla2_autogen/SARX73RSAP/moc_qsciscintilla.cpp
         Generating MOC source qscintilla2_autogen/SARX73RSAP/moc_qsciscintillabase.cpp
         Generating MOC source qscintilla2_autogen/EWIEGA46WW/moc_SciClasses.cpp
         Generating MOC source qscintilla2_autogen/EWIEGA46WW/moc_ScintillaQt.cpp
         Generating MOC compilation qscintilla2_autogen/moc_compilation.cpp
       CustomBuild:
         Building Custom Rule C:/git_repos/sqlitebrowser/libs/qscintilla/Qt4Qt5/CMakeLists.txt
         CMake does not need to re-run because C:/git_repos/sqlitebrowser/libs/qscintilla/Qt4Qt5/CMakeFiles/generate.stamp is up-to-date.
       ClCompile:
         C:\Program Files (x86)\Microsoft Visual Studio 12.0\VC\bin\x86_amd64\CL.exe /c /IC:\git_repos\sqlitebrowser\libs\qscintilla\Qt4Qt5 /IC:\git_repos\sqlitebrowser\libs\qscintilla\Qt4Qt5\qscintilla2_autogen\include /IC:\git_repos\sqlitebrowser\libs\qscintilla\Qt4Qt5\. /IC:\git_repos\sqlitebrowser\libs\qscintilla\Qt4Qt5\..\include /IC:\git_repos\sqlitebrowser\libs\qscintilla\Qt4Qt5\..\lexlib /IC:\git_repos\sqlitebrowser\libs\qscintilla\Qt4Qt5\..\src /IC:\dev\Qt\5.8\msvc2013_64\include /IC:\dev\Qt\5.8\msvc2013_64\include\QtWidgets /IC:\dev\Qt\5.8\msvc2013_64\include\QtGui /IC:\dev\Qt\5.8\msvc2013_64\include\QtCore /I"C:\dev\Qt\5.8\msvc2013_64\.\mkspecs\win32-msvc2013" /IC:\dev\Qt\5.8\msvc2013_64\include\QtANGLE /IC:\dev\Qt\5.8\msvc2013_64\include\QtPrintSupport /Zi /nologo /W3 /WX- /Od /Ob0 /D WIN32 /D _WINDOWS /D QT_WIDGETS_LIB /D QT_GUI_LIB /D QT_CORE_LIB /D QT_PRINTSUPPORT_LIB /D SCINTILLA_QT /D SCI_LEXER /D "CMAKE_INTDIR=\"Debug\"" /D _MBCS /Gm- /EHsc /RTC1 /MDd /GS /fp:precise /Zc:wchar_t /Zc:forScope /GR /Fo"qscintilla2.dir\Debug\\" /Fd"qscintilla2.dir\Debug\vc120.pdb" /Gd /TP /errorReport:prompt   -std=c++11 C:\git_repos\sqlitebrowser\libs\qscintilla\Qt4Qt5\qsciscintilla.cpp C:\git_repos\sqlitebrowser\libs\qscintilla\Qt4Qt5\qsciscintillabase.cpp C:\git_repos\sqlitebrowser\libs\qscintilla\Qt4Qt5\qsciabstractapis.cpp C:\git_repos\sqlitebrowser\libs\qscintilla\Qt4Qt5\qsciapis.cpp C:\git_repos\sqlitebrowser\libs\qscintilla\Qt4Qt5\qscicommand.cpp C:\git_repos\sqlitebrowser\libs\qscintilla\Qt4Qt5\qscicommandset.cpp C:\git_repos\sqlitebrowser\libs\qscintilla\Qt4Qt5\qscidocument.cpp C:\git_repos\sqlitebrowser\libs\qscintilla\Qt4Qt5\qscilexer.cpp C:\git_repos\sqlitebrowser\libs\qscintilla\Qt4Qt5\qscilexercustom.cpp C:\git_repos\sqlitebrowser\libs\qscintilla\Qt4Qt5\qscilexersql.cpp C:\git_repos\sqlitebrowser\libs\qscintilla\Qt4Qt5\qscimacro.cpp C:\git_repos\sqlitebrowser\libs\qscintilla\Qt4Qt5\qsciprinter.cpp C:\git_repos\sqlitebrowser\libs\qscintilla\Qt4Qt5\qscistyle.cpp C:\git_repos\sqlitebrowser\libs\qscintilla\Qt4Qt5\qscistyledtext.cpp C:\git_repos\sqlitebrowser\libs\qscintilla\Qt4Qt5\MacPasteboardMime.cpp C:\git_repos\sqlitebrowser\libs\qscintilla\Qt4Qt5\InputMethod.cpp C:\git_repos\sqlitebrowser\libs\qscintilla\Qt4Qt5\SciClasses.cpp C:\git_repos\sqlitebrowser\libs\qscintilla\Qt4Qt5\ListBoxQt.cpp C:\git_repos\sqlitebrowser\libs\qscintilla\Qt4Qt5\PlatQt.cpp C:\git_repos\sqlitebrowser\libs\qscintilla\Qt4Qt5\ScintillaQt.cpp C:\git_repos\sqlitebrowser\libs\qscintilla\lexers\LexSQL.cpp C:\git_repos\sqlitebrowser\libs\qscintilla\lexlib\Accessor.cpp C:\git_repos\sqlitebrowser\libs\qscintilla\lexlib\CharacterCategory.cpp C:\git_repos\sqlitebrowser\libs\qscintilla\lexlib\CharacterSet.cpp C:\git_repos\sqlitebrowser\libs\qscintilla\lexlib\LexerBase.cpp C:\git_repos\sqlitebrowser\libs\qscintilla\lexlib\LexerModule.cpp C:\git_repos\sqlitebrowser\libs\qscintilla\lexlib\LexerNoExceptions.cpp C:\git_repos\sqlitebrowser\libs\qscintilla\lexlib\LexerSimple.cpp C:\git_repos\sqlitebrowser\libs\qscintilla\lexlib\PropSetSimple.cpp C:\git_repos\sqlitebrowser\libs\qscintilla\lexlib\StyleContext.cpp C:\git_repos\sqlitebrowser\libs\qscintilla\lexlib\WordList.cpp C:\git_repos\sqlitebrowser\libs\qscintilla\src\AutoComplete.cpp C:\git_repos\sqlitebrowser\libs\qscintilla\src\CallTip.cpp C:\git_repos\sqlitebrowser\libs\qscintilla\src\CaseConvert.cpp C:\git_repos\sqlitebrowser\libs\qscintilla\src\CaseFolder.cpp C:\git_repos\sqlitebrowser\libs\qscintilla\src\Catalogue.cpp C:\git_repos\sqlitebrowser\libs\qscintilla\src\CellBuffer.cpp C:\git_repos\sqlitebrowser\libs\qscintilla\src\CharClassify.cpp C:\git_repos\sqlitebrowser\libs\qscintilla\src\ContractionState.cpp C:\git_repos\sqlitebrowser\libs\qscintilla\src\Decoration.cpp C:\git_repos\sqlitebrowser\libs\qscintilla\src\Document.cpp C:\git_repos\sqlitebrowser\libs\qscintilla\src\Editor.cpp C:\git_repos\sqlitebrowser\libs\qscintilla\src\EditModel.cpp C:\git_repos\sqlitebrowser\libs\qscintilla\src\EditView.cpp C:\git_repos\sqlitebrowser\libs\qscintilla\src\ExternalLexer.cpp C:\git_repos\sqlitebrowser\libs\qscintilla\src\Indicator.cpp C:\git_repos\sqlitebrowser\libs\qscintilla\src\KeyMap.cpp C:\git_repos\sqlitebrowser\libs\qscintilla\src\LineMarker.cpp C:\git_repos\sqlitebrowser\libs\qscintilla\src\MarginView.cpp C:\git_repos\sqlitebrowser\libs\qscintilla\src\PerLine.cpp C:\git_repos\sqlitebrowser\libs\qscintilla\src\PositionCache.cpp C:\git_repos\sqlitebrowser\libs\qscintilla\src\RESearch.cpp C:\git_repos\sqlitebrowser\libs\qscintilla\src\RunStyles.cpp C:\git_repos\sqlitebrowser\libs\qscintilla\src\ScintillaBase.cpp C:\git_repos\sqlitebrowser\libs\qscintilla\src\Selection.cpp C:\git_repos\sqlitebrowser\libs\qscintilla\src\Style.cpp C:\git_repos\sqlitebrowser\libs\qscintilla\src\UniConversion.cpp C:\git_repos\sqlitebrowser\libs\qscintilla\src\ViewStyle.cpp C:\git_repos\sqlitebrowser\libs\qscintilla\src\XPM.cpp C:\git_repos\sqlitebrowser\libs\qscintilla\Qt4Qt5\qscintilla2_autogen\moc_compilation.cpp
     1>cl : Command line warning D9002: ignoring unknown option '-std=c++11'
         qsciscintilla.cpp
         qsciscintillabase.cpp
     1>C:\Program Files (x86)\Microsoft Visual Studio 12.0\VC\include\xutility(2132): warning C4996: 'std::_Copy_impl': Function call with parameters that may be unsafe - this call relies on the caller to check that the passed values are correct. To disable this warning, use -D_SCL_SECURE_NO_WARNINGS. See documentation on how to use Visual C++ 'Checked Iterators'
                 C:\Program Files (x86)\Microsoft Visual Studio 12.0\VC\include\xutility(2113) : see declaration of 'std::_Copy_impl'
                 C:\git_repos\sqlitebrowser\libs\qscintilla\src\SplitVector.h(98) : see reference to function template instantiation '_OutIt std::copy<T*,T*>(_InIt,_InIt,_OutIt)' being compiled
                 with
                 [
                     _OutIt=int *
         ,            T=int
         ,            _InIt=int *
                 ]
                 C:\git_repos\sqlitebrowser\libs\qscintilla\src\SplitVector.h(89) : while compiling class template member function 'void SplitVector<int>::ReAllocate(int)'
                 C:\git_repos\sqlitebrowser\libs\qscintilla\src\Partitioning.h(23) : see reference to function template instantiation 'void SplitVector<int>::ReAllocate(int)' being compiled
                 C:\git_repos\sqlitebrowser\libs\qscintilla\src\Partitioning.h(19) : see reference to class template instantiation 'SplitVector<int>' being compiled
     1>C:\Program Files (x86)\Microsoft Visual Studio 12.0\VC\include\xutility(2409): warning C4996: 'std::_Copy_backward': Function call with parameters that may be unsafe - this call relies on the caller to check that the passed values are correct. To disable this warning, use -D_SCL_SECURE_NO_WARNINGS. See documentation on how to use Visual C++ 'Checked Iterators'
                 C:\Program Files (x86)\Microsoft Visual Studio 12.0\VC\include\xutility(2394) : see declaration of 'std::_Copy_backward'
                 C:\git_repos\sqlitebrowser\libs\qscintilla\src\SplitVector.h(36) : see reference to function template instantiation '_BidIt2 std::copy_backward<T*,T*>(_BidIt1,_BidIt1,_BidIt2)' being compiled
                 with
                 [
                     _BidIt2=int *
         ,            T=int
         ,            _BidIt1=int *
                 ]
                 C:\git_repos\sqlitebrowser\libs\qscintilla\src\SplitVector.h(29) : while compiling class template member function 'void SplitVector<int>::GapTo(int)'
                 C:\git_repos\sqlitebrowser\libs\qscintilla\src\SplitVector.h(95) : see reference to function template instantiation 'void SplitVector<int>::GapTo(int)' being compiled
         qsciabstractapis.cpp
         qsciapis.cpp
     1>C:\git_repos\sqlitebrowser\libs\qscintilla\Qt4Qt5\qsciapis.cpp(45): warning C4099: 'QsciAPIsPrepared' : type name first seen using 'class' now seen using 'struct'
                 c:\git_repos\sqlitebrowser\libs\qscintilla\qt4qt5\Qsci/qsciapis.h(34) : see declaration of 'QsciAPIsPrepared'
     1>C:\git_repos\sqlitebrowser\libs\qscintilla\Qt4Qt5\qsciapis.cpp(959): warning C4996: 'getenv': This function or variable may be unsafe. Consider using _dupenv_s instead. To disable deprecation, use _CRT_SECURE_NO_WARNINGS. See online help for details.
                 C:\Program Files (x86)\Microsoft Visual Studio 12.0\VC\include\stdlib.h(462) : see declaration of 'getenv'
         qscicommand.cpp
         qscicommandset.cpp
         qscidocument.cpp
         qscilexer.cpp
         qscilexercustom.cpp
         qscilexersql.cpp
         qscimacro.cpp
         qsciprinter.cpp
         qscistyle.cpp
         qscistyledtext.cpp
         MacPasteboardMime.cpp
         InputMethod.cpp
     1>C:\Program Files (x86)\Microsoft Visual Studio 12.0\VC\include\xutility(2132): warning C4996: 'std::_Copy_impl': Function call with parameters that may be unsafe - this call relies on the caller to check that the passed values are correct. To disable this warning, use -D_SCL_SECURE_NO_WARNINGS. See documentation on how to use Visual C++ 'Checked Iterators'
                 C:\Program Files (x86)\Microsoft Visual Studio 12.0\VC\include\xutility(2113) : see declaration of 'std::_Copy_impl'
                 C:\git_repos\sqlitebrowser\libs\qscintilla\src\SplitVector.h(98) : see reference to function template instantiation '_OutIt std::copy<T*,T*>(_InIt,_InIt,_OutIt)' being compiled
                 with
                 [
                     _OutIt=int *
         ,            T=int
         ,            _InIt=int *
                 ]
                 C:\git_repos\sqlitebrowser\libs\qscintilla\src\SplitVector.h(89) : while compiling class template member function 'void SplitVector<int>::ReAllocate(int)'
                 C:\git_repos\sqlitebrowser\libs\qscintilla\src\Partitioning.h(23) : see reference to function template instantiation 'void SplitVector<int>::ReAllocate(int)' being compiled
                 C:\git_repos\sqlitebrowser\libs\qscintilla\src\Partitioning.h(19) : see reference to class template instantiation 'SplitVector<int>' being compiled
     1>C:\Program Files (x86)\Microsoft Visual Studio 12.0\VC\include\xutility(2409): warning C4996: 'std::_Copy_backward': Function call with parameters that may be unsafe - this call relies on the caller to check that the passed values are correct. To disable this warning, use -D_SCL_SECURE_NO_WARNINGS. See documentation on how to use Visual C++ 'Checked Iterators'
                 C:\Program Files (x86)\Microsoft Visual Studio 12.0\VC\include\xutility(2394) : see declaration of 'std::_Copy_backward'
                 C:\git_repos\sqlitebrowser\libs\qscintilla\src\SplitVector.h(36) : see reference to function template instantiation '_BidIt2 std::copy_backward<T*,T*>(_BidIt1,_BidIt1,_BidIt2)' being compiled
                 with
                 [
                     _BidIt2=int *
         ,            T=int
         ,            _BidIt1=int *
                 ]
                 C:\git_repos\sqlitebrowser\libs\qscintilla\src\SplitVector.h(29) : while compiling class template member function 'void SplitVector<int>::GapTo(int)'
                 C:\git_repos\sqlitebrowser\libs\qscintilla\src\SplitVector.h(95) : see reference to function template instantiation 'void SplitVector<int>::GapTo(int)' being compiled
         SciClasses.cpp
     1>C:\Program Files (x86)\Microsoft Visual Studio 12.0\VC\include\xutility(2132): warning C4996: 'std::_Copy_impl': Function call with parameters that may be unsafe - this call relies on the caller to check that the passed values are correct. To disable this warning, use -D_SCL_SECURE_NO_WARNINGS. See documentation on how to use Visual C++ 'Checked Iterators'
                 C:\Program Files (x86)\Microsoft Visual Studio 12.0\VC\include\xutility(2113) : see declaration of 'std::_Copy_impl'
                 C:\git_repos\sqlitebrowser\libs\qscintilla\src\SplitVector.h(98) : see reference to function template instantiation '_OutIt std::copy<T*,T*>(_InIt,_InIt,_OutIt)' being compiled
                 with
                 [
                     _OutIt=int *
         ,            T=int
         ,            _InIt=int *
                 ]
                 C:\git_repos\sqlitebrowser\libs\qscintilla\src\SplitVector.h(89) : while compiling class template member function 'void SplitVector<int>::ReAllocate(int)'
                 C:\git_repos\sqlitebrowser\libs\qscintilla\src\Partitioning.h(23) : see reference to function template instantiation 'void SplitVector<int>::ReAllocate(int)' being compiled
                 C:\git_repos\sqlitebrowser\libs\qscintilla\src\Partitioning.h(19) : see reference to class template instantiation 'SplitVector<int>' being compiled
     1>C:\Program Files (x86)\Microsoft Visual Studio 12.0\VC\include\xutility(2409): warning C4996: 'std::_Copy_backward': Function call with parameters that may be unsafe - this call relies on the caller to check that the passed values are correct. To disable this warning, use -D_SCL_SECURE_NO_WARNINGS. See documentation on how to use Visual C++ 'Checked Iterators'
                 C:\Program Files (x86)\Microsoft Visual Studio 12.0\VC\include\xutility(2394) : see declaration of 'std::_Copy_backward'
                 C:\git_repos\sqlitebrowser\libs\qscintilla\src\SplitVector.h(36) : see reference to function template instantiation '_BidIt2 std::copy_backward<T*,T*>(_BidIt1,_BidIt1,_BidIt2)' being compiled
                 with
                 [
                     _BidIt2=int *
         ,            T=int
         ,            _BidIt1=int *
                 ]
                 C:\git_repos\sqlitebrowser\libs\qscintilla\src\SplitVector.h(29) : while compiling class template member function 'void SplitVector<int>::GapTo(int)'
                 C:\git_repos\sqlitebrowser\libs\qscintilla\src\SplitVector.h(95) : see reference to function template instantiation 'void SplitVector<int>::GapTo(int)' being compiled
         ListBoxQt.cpp
         PlatQt.cpp
         ScintillaQt.cpp
     1>C:\git_repos\sqlitebrowser\libs\qscintilla\Qt4Qt5\ScintillaQt.cpp(387): warning C4554: '&' : check operator precedence for possible error; use parentheses to clarify precedence
     1>C:\git_repos\sqlitebrowser\libs\qscintilla\Qt4Qt5\ScintillaQt.cpp(515): warning C4267: 'argument' : conversion from 'size_t' to 'int', possible loss of data
     1>C:\Program Files (x86)\Microsoft Visual Studio 12.0\VC\include\xutility(2132): warning C4996: 'std::_Copy_impl': Function call with parameters that may be unsafe - this call relies on the caller to check that the passed values are correct. To disable this warning, use -D_SCL_SECURE_NO_WARNINGS. See documentation on how to use Visual C++ 'Checked Iterators'
                 C:\Program Files (x86)\Microsoft Visual Studio 12.0\VC\include\xutility(2113) : see declaration of 'std::_Copy_impl'
                 C:\git_repos\sqlitebrowser\libs\qscintilla\src\SplitVector.h(98) : see reference to function template instantiation '_OutIt std::copy<T*,T*>(_InIt,_InIt,_OutIt)' being compiled
                 with
                 [
                     _OutIt=int *
         ,            T=int
         ,            _InIt=int *
                 ]
                 C:\git_repos\sqlitebrowser\libs\qscintilla\src\SplitVector.h(89) : while compiling class template member function 'void SplitVector<int>::ReAllocate(int)'
                 C:\git_repos\sqlitebrowser\libs\qscintilla\src\Partitioning.h(23) : see reference to function template instantiation 'void SplitVector<int>::ReAllocate(int)' being compiled
                 C:\git_repos\sqlitebrowser\libs\qscintilla\src\Partitioning.h(19) : see reference to class template instantiation 'SplitVector<int>' being compiled
     1>C:\Program Files (x86)\Microsoft Visual Studio 12.0\VC\include\xutility(2409): warning C4996: 'std::_Copy_backward': Function call with parameters that may be unsafe - this call relies on the caller to check that the passed values are correct. To disable this warning, use -D_SCL_SECURE_NO_WARNINGS. See documentation on how to use Visual C++ 'Checked Iterators'
                 C:\Program Files (x86)\Microsoft Visual Studio 12.0\VC\include\xutility(2394) : see declaration of 'std::_Copy_backward'
                 C:\git_repos\sqlitebrowser\libs\qscintilla\src\SplitVector.h(36) : see reference to function template instantiation '_BidIt2 std::copy_backward<T*,T*>(_BidIt1,_BidIt1,_BidIt2)' being compiled
                 with
                 [
                     _BidIt2=int *
         ,            T=int
         ,            _BidIt1=int *
                 ]
                 C:\git_repos\sqlitebrowser\libs\qscintilla\src\SplitVector.h(29) : while compiling class template member function 'void SplitVector<int>::GapTo(int)'
                 C:\git_repos\sqlitebrowser\libs\qscintilla\src\SplitVector.h(95) : see reference to function template instantiation 'void SplitVector<int>::GapTo(int)' being compiled
         Generating Code...
         Compiling...
         LexSQL.cpp
         Accessor.cpp
         CharacterCategory.cpp
         CharacterSet.cpp
         LexerBase.cpp
         LexerModule.cpp
         LexerNoExceptions.cpp
         LexerSimple.cpp
         PropSetSimple.cpp
         StyleContext.cpp
         WordList.cpp
         AutoComplete.cpp
         CallTip.cpp
         CaseConvert.cpp
         CaseFolder.cpp
         Catalogue.cpp
         CellBuffer.cpp
     1>C:\Program Files (x86)\Microsoft Visual Studio 12.0\VC\include\xutility(2132): warning C4996: 'std::_Copy_impl': Function call with parameters that may be unsafe - this call relies on the caller to check that the passed values are correct. To disable this warning, use -D_SCL_SECURE_NO_WARNINGS. See documentation on how to use Visual C++ 'Checked Iterators'
                 C:\Program Files (x86)\Microsoft Visual Studio 12.0\VC\include\xutility(2113) : see declaration of 'std::_Copy_impl'
                 c:\git_repos\sqlitebrowser\libs\qscintilla\src\SplitVector.h(98) : see reference to function template instantiation '_OutIt std::copy<T*,T*>(_InIt,_InIt,_OutIt)' being compiled
                 with
                 [
                     _OutIt=int *
         ,            T=int
         ,            _InIt=int *
                 ]
                 c:\git_repos\sqlitebrowser\libs\qscintilla\src\SplitVector.h(89) : while compiling class template member function 'void SplitVector<int>::ReAllocate(int)'
                 c:\git_repos\sqlitebrowser\libs\qscintilla\src\Partitioning.h(23) : see reference to function template instantiation 'void SplitVector<int>::ReAllocate(int)' being compiled
                 c:\git_repos\sqlitebrowser\libs\qscintilla\src\Partitioning.h(19) : see reference to class template instantiation 'SplitVector<int>' being compiled
                 C:\Program Files (x86)\Microsoft Visual Studio 12.0\VC\include\xutility(2113) : see declaration of 'std::_Copy_impl'
                 C:\Program Files (x86)\Microsoft Visual Studio 12.0\VC\include\xutility(2113) : see declaration of 'std::_Copy_impl'
     1>C:\Program Files (x86)\Microsoft Visual Studio 12.0\VC\include\xutility(2409): warning C4996: 'std::_Copy_backward': Function call with parameters that may be unsafe - this call relies on the caller to check that the passed values are correct. To disable this warning, use -D_SCL_SECURE_NO_WARNINGS. See documentation on how to use Visual C++ 'Checked Iterators'
                 C:\Program Files (x86)\Microsoft Visual Studio 12.0\VC\include\xutility(2394) : see declaration of 'std::_Copy_backward'
                 c:\git_repos\sqlitebrowser\libs\qscintilla\src\SplitVector.h(36) : see reference to function template instantiation '_BidIt2 std::copy_backward<T*,T*>(_BidIt1,_BidIt1,_BidIt2)' being compiled
                 with
                 [
                     _BidIt2=int *
         ,            T=int
         ,            _BidIt1=int *
                 ]
                 c:\git_repos\sqlitebrowser\libs\qscintilla\src\SplitVector.h(29) : while compiling class template member function 'void SplitVector<int>::GapTo(int)'
                 c:\git_repos\sqlitebrowser\libs\qscintilla\src\SplitVector.h(95) : see reference to function template instantiation 'void SplitVector<int>::GapTo(int)' being compiled
                 C:\Program Files (x86)\Microsoft Visual Studio 12.0\VC\include\xutility(2394) : see declaration of 'std::_Copy_backward'
         CharClassify.cpp
         ContractionState.cpp
     1>C:\Program Files (x86)\Microsoft Visual Studio 12.0\VC\include\xutility(2132): warning C4996: 'std::_Copy_impl': Function call with parameters that may be unsafe - this call relies on the caller to check that the passed values are correct. To disable this warning, use -D_SCL_SECURE_NO_WARNINGS. See documentation on how to use Visual C++ 'Checked Iterators'
                 C:\Program Files (x86)\Microsoft Visual Studio 12.0\VC\include\xutility(2113) : see declaration of 'std::_Copy_impl'
                 c:\git_repos\sqlitebrowser\libs\qscintilla\src\SparseVector.h(175) : see reference to function template instantiation '_OutIt std::copy<const char*,char*>(_InIt,_InIt,_OutIt)' being compiled
                 with
                 [
                     _OutIt=char *
         ,            _InIt=const char *
                 ]
                 C:\Program Files (x86)\Microsoft Visual Studio 12.0\VC\include\xutility(2113) : see declaration of 'std::_Copy_impl'
     1>C:\Program Files (x86)\Microsoft Visual Studio 12.0\VC\include\xutility(2409): warning C4996: 'std::_Copy_backward': Function call with parameters that may be unsafe - this call relies on the caller to check that the passed values are correct. To disable this warning, use -D_SCL_SECURE_NO_WARNINGS. See documentation on how to use Visual C++ 'Checked Iterators'
                 C:\Program Files (x86)\Microsoft Visual Studio 12.0\VC\include\xutility(2394) : see declaration of 'std::_Copy_backward'
                 c:\git_repos\sqlitebrowser\libs\qscintilla\src\SplitVector.h(36) : see reference to function template instantiation '_BidIt2 std::copy_backward<T*,T*>(_BidIt1,_BidIt1,_BidIt2)' being compiled
                 with
                 [
                     _BidIt2=int *
         ,            T=int
         ,            _BidIt1=int *
                 ]
                 c:\git_repos\sqlitebrowser\libs\qscintilla\src\SplitVector.h(29) : while compiling class template member function 'void SplitVector<int>::GapTo(int)'
                 c:\git_repos\sqlitebrowser\libs\qscintilla\src\SplitVector.h(95) : see reference to function template instantiation 'void SplitVector<int>::GapTo(int)' being compiled
                 C:\Program Files (x86)\Microsoft Visual Studio 12.0\VC\include\xutility(2394) : see declaration of 'std::_Copy_backward'
                 C:\Program Files (x86)\Microsoft Visual Studio 12.0\VC\include\xutility(2113) : see declaration of 'std::_Copy_impl'
         Decoration.cpp
     1>C:\Program Files (x86)\Microsoft Visual Studio 12.0\VC\include\xutility(2132): warning C4996: 'std::_Copy_impl': Function call with parameters that may be unsafe - this call relies on the caller to check that the passed values are correct. To disable this warning, use -D_SCL_SECURE_NO_WARNINGS. See documentation on how to use Visual C++ 'Checked Iterators'
                 C:\Program Files (x86)\Microsoft Visual Studio 12.0\VC\include\xutility(2113) : see declaration of 'std::_Copy_impl'
                 c:\git_repos\sqlitebrowser\libs\qscintilla\src\SplitVector.h(98) : see reference to function template instantiation '_OutIt std::copy<T*,T*>(_InIt,_InIt,_OutIt)' being compiled
                 with
                 [
                     _OutIt=int *
         ,            T=int
         ,            _InIt=int *
                 ]
                 c:\git_repos\sqlitebrowser\libs\qscintilla\src\SplitVector.h(89) : while compiling class template member function 'void SplitVector<int>::ReAllocate(int)'
                 c:\git_repos\sqlitebrowser\libs\qscintilla\src\Partitioning.h(23) : see reference to function template instantiation 'void SplitVector<int>::ReAllocate(int)' being compiled
                 c:\git_repos\sqlitebrowser\libs\qscintilla\src\Partitioning.h(19) : see reference to class template instantiation 'SplitVector<int>' being compiled
     1>C:\Program Files (x86)\Microsoft Visual Studio 12.0\VC\include\xutility(2409): warning C4996: 'std::_Copy_backward': Function call with parameters that may be unsafe - this call relies on the caller to check that the passed values are correct. To disable this warning, use -D_SCL_SECURE_NO_WARNINGS. See documentation on how to use Visual C++ 'Checked Iterators'
                 C:\Program Files (x86)\Microsoft Visual Studio 12.0\VC\include\xutility(2394) : see declaration of 'std::_Copy_backward'
                 c:\git_repos\sqlitebrowser\libs\qscintilla\src\SplitVector.h(36) : see reference to function template instantiation '_BidIt2 std::copy_backward<T*,T*>(_BidIt1,_BidIt1,_BidIt2)' being compiled
                 with
                 [
                     _BidIt2=int *
         ,            T=int
         ,            _BidIt1=int *
                 ]
                 c:\git_repos\sqlitebrowser\libs\qscintilla\src\SplitVector.h(29) : while compiling class template member function 'void SplitVector<int>::GapTo(int)'
                 c:\git_repos\sqlitebrowser\libs\qscintilla\src\SplitVector.h(95) : see reference to function template instantiation 'void SplitVector<int>::GapTo(int)' being compiled
         Generating Code...
         Compiling...
         Document.cpp
     1>C:\Program Files (x86)\Microsoft Visual Studio 12.0\VC\include\xutility(2132): warning C4996: 'std::_Copy_impl': Function call with parameters that may be unsafe - this call relies on the caller to check that the passed values are correct. To disable this warning, use -D_SCL_SECURE_NO_WARNINGS. See documentation on how to use Visual C++ 'Checked Iterators'
                 C:\Program Files (x86)\Microsoft Visual Studio 12.0\VC\include\xutility(2113) : see declaration of 'std::_Copy_impl'
                 c:\git_repos\sqlitebrowser\libs\qscintilla\src\SplitVector.h(98) : see reference to function template instantiation '_OutIt std::copy<T*,T*>(_InIt,_InIt,_OutIt)' being compiled
                 with
                 [
                     _OutIt=int *
         ,            T=int
         ,            _InIt=int *
                 ]
                 c:\git_repos\sqlitebrowser\libs\qscintilla\src\SplitVector.h(89) : while compiling class template member function 'void SplitVector<int>::ReAllocate(int)'
                 c:\git_repos\sqlitebrowser\libs\qscintilla\src\Partitioning.h(23) : see reference to function template instantiation 'void SplitVector<int>::ReAllocate(int)' being compiled
                 c:\git_repos\sqlitebrowser\libs\qscintilla\src\Partitioning.h(19) : see reference to class template instantiation 'SplitVector<int>' being compiled
     1>C:\Program Files (x86)\Microsoft Visual Studio 12.0\VC\include\xutility(2409): warning C4996: 'std::_Copy_backward': Function call with parameters that may be unsafe - this call relies on the caller to check that the passed values are correct. To disable this warning, use -D_SCL_SECURE_NO_WARNINGS. See documentation on how to use Visual C++ 'Checked Iterators'
                 C:\Program Files (x86)\Microsoft Visual Studio 12.0\VC\include\xutility(2394) : see declaration of 'std::_Copy_backward'
                 c:\git_repos\sqlitebrowser\libs\qscintilla\src\SplitVector.h(36) : see reference to function template instantiation '_BidIt2 std::copy_backward<T*,T*>(_BidIt1,_BidIt1,_BidIt2)' being compiled
                 with
                 [
                     _BidIt2=int *
         ,            T=int
         ,            _BidIt1=int *
                 ]
                 c:\git_repos\sqlitebrowser\libs\qscintilla\src\SplitVector.h(29) : while compiling class template member function 'void SplitVector<int>::GapTo(int)'
                 c:\git_repos\sqlitebrowser\libs\qscintilla\src\SplitVector.h(95) : see reference to function template instantiation 'void SplitVector<int>::GapTo(int)' being compiled
         Editor.cpp
     1>C:\git_repos\sqlitebrowser\libs\qscintilla\src\Editor.cpp(239): warning C4996: 'sprintf': This function or variable may be unsafe. Consider using sprintf_s instead. To disable deprecation, use _CRT_SECURE_NO_WARNINGS. See online help for details.
                 C:\Program Files (x86)\Microsoft Visual Studio 12.0\VC\include\stdio.h(356) : see declaration of 'sprintf'
     1>C:\Program Files (x86)\Microsoft Visual Studio 12.0\VC\include\xutility(2132): warning C4996: 'std::_Copy_impl': Function call with parameters that may be unsafe - this call relies on the caller to check that the passed values are correct. To disable this warning, use -D_SCL_SECURE_NO_WARNINGS. See documentation on how to use Visual C++ 'Checked Iterators'
                 C:\Program Files (x86)\Microsoft Visual Studio 12.0\VC\include\xutility(2113) : see declaration of 'std::_Copy_impl'
                 c:\git_repos\sqlitebrowser\libs\qscintilla\src\SplitVector.h(98) : see reference to function template instantiation '_OutIt std::copy<T*,T*>(_InIt,_InIt,_OutIt)' being compiled
                 with
                 [
                     _OutIt=int *
         ,            T=int
         ,            _InIt=int *
                 ]
                 c:\git_repos\sqlitebrowser\libs\qscintilla\src\SplitVector.h(89) : while compiling class template member function 'void SplitVector<int>::ReAllocate(int)'
                 c:\git_repos\sqlitebrowser\libs\qscintilla\src\Partitioning.h(23) : see reference to function template instantiation 'void SplitVector<int>::ReAllocate(int)' being compiled
                 c:\git_repos\sqlitebrowser\libs\qscintilla\src\Partitioning.h(19) : see reference to class template instantiation 'SplitVector<int>' being compiled
     1>C:\Program Files (x86)\Microsoft Visual Studio 12.0\VC\include\xutility(2409): warning C4996: 'std::_Copy_backward': Function call with parameters that may be unsafe - this call relies on the caller to check that the passed values are correct. To disable this warning, use -D_SCL_SECURE_NO_WARNINGS. See documentation on how to use Visual C++ 'Checked Iterators'
                 C:\Program Files (x86)\Microsoft Visual Studio 12.0\VC\include\xutility(2394) : see declaration of 'std::_Copy_backward'
                 c:\git_repos\sqlitebrowser\libs\qscintilla\src\SplitVector.h(36) : see reference to function template instantiation '_BidIt2 std::copy_backward<T*,T*>(_BidIt1,_BidIt1,_BidIt2)' being compiled
                 with
                 [
                     _BidIt2=int *
         ,            T=int
         ,            _BidIt1=int *
                 ]
                 c:\git_repos\sqlitebrowser\libs\qscintilla\src\SplitVector.h(29) : while compiling class template member function 'void SplitVector<int>::GapTo(int)'
                 c:\git_repos\sqlitebrowser\libs\qscintilla\src\SplitVector.h(95) : see reference to function template instantiation 'void SplitVector<int>::GapTo(int)' being compiled
         EditModel.cpp
     1>C:\Program Files (x86)\Microsoft Visual Studio 12.0\VC\include\xutility(2132): warning C4996: 'std::_Copy_impl': Function call with parameters that may be unsafe - this call relies on the caller to check that the passed values are correct. To disable this warning, use -D_SCL_SECURE_NO_WARNINGS. See documentation on how to use Visual C++ 'Checked Iterators'
                 C:\Program Files (x86)\Microsoft Visual Studio 12.0\VC\include\xutility(2113) : see declaration of 'std::_Copy_impl'
                 c:\git_repos\sqlitebrowser\libs\qscintilla\src\SplitVector.h(98) : see reference to function template instantiation '_OutIt std::copy<T*,T*>(_InIt,_InIt,_OutIt)' being compiled
                 with
                 [
                     _OutIt=int *
         ,            T=int
         ,            _InIt=int *
                 ]
                 c:\git_repos\sqlitebrowser\libs\qscintilla\src\SplitVector.h(89) : while compiling class template member function 'void SplitVector<int>::ReAllocate(int)'
                 c:\git_repos\sqlitebrowser\libs\qscintilla\src\Partitioning.h(23) : see reference to function template instantiation 'void SplitVector<int>::ReAllocate(int)' being compiled
                 c:\git_repos\sqlitebrowser\libs\qscintilla\src\Partitioning.h(19) : see reference to class template instantiation 'SplitVector<int>' being compiled
     1>C:\Program Files (x86)\Microsoft Visual Studio 12.0\VC\include\xutility(2409): warning C4996: 'std::_Copy_backward': Function call with parameters that may be unsafe - this call relies on the caller to check that the passed values are correct. To disable this warning, use -D_SCL_SECURE_NO_WARNINGS. See documentation on how to use Visual C++ 'Checked Iterators'
                 C:\Program Files (x86)\Microsoft Visual Studio 12.0\VC\include\xutility(2394) : see declaration of 'std::_Copy_backward'
                 c:\git_repos\sqlitebrowser\libs\qscintilla\src\SplitVector.h(36) : see reference to function template instantiation '_BidIt2 std::copy_backward<T*,T*>(_BidIt1,_BidIt1,_BidIt2)' being compiled
                 with
                 [
                     _BidIt2=int *
         ,            T=int
         ,            _BidIt1=int *
                 ]
                 c:\git_repos\sqlitebrowser\libs\qscintilla\src\SplitVector.h(29) : while compiling class template member function 'void SplitVector<int>::GapTo(int)'
                 c:\git_repos\sqlitebrowser\libs\qscintilla\src\SplitVector.h(95) : see reference to function template instantiation 'void SplitVector<int>::GapTo(int)' being compiled
         EditView.cpp
     1>C:\git_repos\sqlitebrowser\libs\qscintilla\src\EditView.cpp(907): warning C4996: 'sprintf': This function or variable may be unsafe. Consider using sprintf_s instead. To disable deprecation, use _CRT_SECURE_NO_WARNINGS. See online help for details.
                 C:\Program Files (x86)\Microsoft Visual Studio 12.0\VC\include\stdio.h(356) : see declaration of 'sprintf'
     1>C:\git_repos\sqlitebrowser\libs\qscintilla\src\EditView.cpp(2270): warning C4996: 'sprintf': This function or variable may be unsafe. Consider using sprintf_s instead. To disable deprecation, use _CRT_SECURE_NO_WARNINGS. See online help for details.
                 C:\Program Files (x86)\Microsoft Visual Studio 12.0\VC\include\stdio.h(356) : see declaration of 'sprintf'
     1>C:\Program Files (x86)\Microsoft Visual Studio 12.0\VC\include\xutility(2132): warning C4996: 'std::_Copy_impl': Function call with parameters that may be unsafe - this call relies on the caller to check that the passed values are correct. To disable this warning, use -D_SCL_SECURE_NO_WARNINGS. See documentation on how to use Visual C++ 'Checked Iterators'
                 C:\Program Files (x86)\Microsoft Visual Studio 12.0\VC\include\xutility(2113) : see declaration of 'std::_Copy_impl'
                 c:\git_repos\sqlitebrowser\libs\qscintilla\src\SplitVector.h(98) : see reference to function template instantiation '_OutIt std::copy<T*,T*>(_InIt,_InIt,_OutIt)' being compiled
                 with
                 [
                     _OutIt=int *
         ,            T=int
         ,            _InIt=int *
                 ]
                 c:\git_repos\sqlitebrowser\libs\qscintilla\src\SplitVector.h(89) : while compiling class template member function 'void SplitVector<int>::ReAllocate(int)'
                 c:\git_repos\sqlitebrowser\libs\qscintilla\src\Partitioning.h(23) : see reference to function template instantiation 'void SplitVector<int>::ReAllocate(int)' being compiled
                 c:\git_repos\sqlitebrowser\libs\qscintilla\src\Partitioning.h(19) : see reference to class template instantiation 'SplitVector<int>' being compiled
     1>C:\Program Files (x86)\Microsoft Visual Studio 12.0\VC\include\xutility(2409): warning C4996: 'std::_Copy_backward': Function call with parameters that may be unsafe - this call relies on the caller to check that the passed values are correct. To disable this warning, use -D_SCL_SECURE_NO_WARNINGS. See documentation on how to use Visual C++ 'Checked Iterators'
                 C:\Program Files (x86)\Microsoft Visual Studio 12.0\VC\include\xutility(2394) : see declaration of 'std::_Copy_backward'
                 c:\git_repos\sqlitebrowser\libs\qscintilla\src\SplitVector.h(36) : see reference to function template instantiation '_BidIt2 std::copy_backward<T*,T*>(_BidIt1,_BidIt1,_BidIt2)' being compiled
                 with
                 [
                     _BidIt2=int *
         ,            T=int
         ,            _BidIt1=int *
                 ]
                 c:\git_repos\sqlitebrowser\libs\qscintilla\src\SplitVector.h(29) : while compiling class template member function 'void SplitVector<int>::GapTo(int)'
                 c:\git_repos\sqlitebrowser\libs\qscintilla\src\SplitVector.h(95) : see reference to function template instantiation 'void SplitVector<int>::GapTo(int)' being compiled
         ExternalLexer.cpp
         Indicator.cpp
         KeyMap.cpp
         LineMarker.cpp
         MarginView.cpp
     1>C:\git_repos\sqlitebrowser\libs\qscintilla\src\MarginView.cpp(379): warning C4996: 'sprintf': This function or variable may be unsafe. Consider using sprintf_s instead. To disable deprecation, use _CRT_SECURE_NO_WARNINGS. See online help for details.
                 C:\Program Files (x86)\Microsoft Visual Studio 12.0\VC\include\stdio.h(356) : see declaration of 'sprintf'
     1>C:\git_repos\sqlitebrowser\libs\qscintilla\src\MarginView.cpp(388): warning C4996: 'sprintf': This function or variable may be unsafe. Consider using sprintf_s instead. To disable deprecation, use _CRT_SECURE_NO_WARNINGS. See online help for details.
                 C:\Program Files (x86)\Microsoft Visual Studio 12.0\VC\include\stdio.h(356) : see declaration of 'sprintf'
     1>C:\git_repos\sqlitebrowser\libs\qscintilla\src\MarginView.cpp(391): warning C4996: 'sprintf': This function or variable may be unsafe. Consider using sprintf_s instead. To disable deprecation, use _CRT_SECURE_NO_WARNINGS. See online help for details.
                 C:\Program Files (x86)\Microsoft Visual Studio 12.0\VC\include\stdio.h(356) : see declaration of 'sprintf'
     1>C:\Program Files (x86)\Microsoft Visual Studio 12.0\VC\include\xutility(2132): warning C4996: 'std::_Copy_impl': Function call with parameters that may be unsafe - this call relies on the caller to check that the passed values are correct. To disable this warning, use -D_SCL_SECURE_NO_WARNINGS. See documentation on how to use Visual C++ 'Checked Iterators'
                 C:\Program Files (x86)\Microsoft Visual Studio 12.0\VC\include\xutility(2113) : see declaration of 'std::_Copy_impl'
                 c:\git_repos\sqlitebrowser\libs\qscintilla\src\SplitVector.h(98) : see reference to function template instantiation '_OutIt std::copy<T*,T*>(_InIt,_InIt,_OutIt)' being compiled
                 with
                 [
                     _OutIt=int *
         ,            T=int
         ,            _InIt=int *
                 ]
                 c:\git_repos\sqlitebrowser\libs\qscintilla\src\SplitVector.h(89) : while compiling class template member function 'void SplitVector<int>::ReAllocate(int)'
                 c:\git_repos\sqlitebrowser\libs\qscintilla\src\Partitioning.h(23) : see reference to function template instantiation 'void SplitVector<int>::ReAllocate(int)' being compiled
                 c:\git_repos\sqlitebrowser\libs\qscintilla\src\Partitioning.h(19) : see reference to class template instantiation 'SplitVector<int>' being compiled
     1>C:\Program Files (x86)\Microsoft Visual Studio 12.0\VC\include\xutility(2409): warning C4996: 'std::_Copy_backward': Function call with parameters that may be unsafe - this call relies on the caller to check that the passed values are correct. To disable this warning, use -D_SCL_SECURE_NO_WARNINGS. See documentation on how to use Visual C++ 'Checked Iterators'
                 C:\Program Files (x86)\Microsoft Visual Studio 12.0\VC\include\xutility(2394) : see declaration of 'std::_Copy_backward'
                 c:\git_repos\sqlitebrowser\libs\qscintilla\src\SplitVector.h(36) : see reference to function template instantiation '_BidIt2 std::copy_backward<T*,T*>(_BidIt1,_BidIt1,_BidIt2)' being compiled
                 with
                 [
                     _BidIt2=int *
         ,            T=int
         ,            _BidIt1=int *
                 ]
                 c:\git_repos\sqlitebrowser\libs\qscintilla\src\SplitVector.h(29) : while compiling class template member function 'void SplitVector<int>::GapTo(int)'
                 c:\git_repos\sqlitebrowser\libs\qscintilla\src\SplitVector.h(95) : see reference to function template instantiation 'void SplitVector<int>::GapTo(int)' being compiled
         PerLine.cpp
     1>C:\Program Files (x86)\Microsoft Visual Studio 12.0\VC\include\xutility(2132): warning C4996: 'std::_Copy_impl': Function call with parameters that may be unsafe - this call relies on the caller to check that the passed values are correct. To disable this warning, use -D_SCL_SECURE_NO_WARNINGS. See documentation on how to use Visual C++ 'Checked Iterators'
                 C:\Program Files (x86)\Microsoft Visual Studio 12.0\VC\include\xutility(2113) : see declaration of 'std::_Copy_impl'
                 c:\git_repos\sqlitebrowser\libs\qscintilla\src\SplitVector.h(98) : see reference to function template instantiation '_OutIt std::copy<T*,T*>(_InIt,_InIt,_OutIt)' being compiled
                 with
                 [
                     _OutIt=int *
         ,            T=int
         ,            _InIt=int *
                 ]
                 c:\git_repos\sqlitebrowser\libs\qscintilla\src\SplitVector.h(89) : while compiling class template member function 'void SplitVector<int>::ReAllocate(int)'
                 c:\git_repos\sqlitebrowser\libs\qscintilla\src\Partitioning.h(23) : see reference to function template instantiation 'void SplitVector<int>::ReAllocate(int)' being compiled
                 c:\git_repos\sqlitebrowser\libs\qscintilla\src\Partitioning.h(19) : see reference to class template instantiation 'SplitVector<int>' being compiled
     1>C:\Program Files (x86)\Microsoft Visual Studio 12.0\VC\include\xutility(2409): warning C4996: 'std::_Copy_backward': Function call with parameters that may be unsafe - this call relies on the caller to check that the passed values are correct. To disable this warning, use -D_SCL_SECURE_NO_WARNINGS. See documentation on how to use Visual C++ 'Checked Iterators'
                 C:\Program Files (x86)\Microsoft Visual Studio 12.0\VC\include\xutility(2394) : see declaration of 'std::_Copy_backward'
                 c:\git_repos\sqlitebrowser\libs\qscintilla\src\SplitVector.h(36) : see reference to function template instantiation '_BidIt2 std::copy_backward<T*,T*>(_BidIt1,_BidIt1,_BidIt2)' being compiled
                 with
                 [
                     _BidIt2=int *
         ,            T=int
         ,            _BidIt1=int *
                 ]
                 c:\git_repos\sqlitebrowser\libs\qscintilla\src\SplitVector.h(29) : while compiling class template member function 'void SplitVector<int>::GapTo(int)'
                 c:\git_repos\sqlitebrowser\libs\qscintilla\src\SplitVector.h(95) : see reference to function template instantiation 'void SplitVector<int>::GapTo(int)' being compiled
                 C:\Program Files (x86)\Microsoft Visual Studio 12.0\VC\include\xutility(2394) : see declaration of 'std::_Copy_backward'
                 C:\Program Files (x86)\Microsoft Visual Studio 12.0\VC\include\xutility(2113) : see declaration of 'std::_Copy_impl'
                 C:\Program Files (x86)\Microsoft Visual Studio 12.0\VC\include\xutility(2394) : see declaration of 'std::_Copy_backward'
                 C:\Program Files (x86)\Microsoft Visual Studio 12.0\VC\include\xutility(2113) : see declaration of 'std::_Copy_impl'
                 C:\Program Files (x86)\Microsoft Visual Studio 12.0\VC\include\xutility(2394) : see declaration of 'std::_Copy_backward'
                 C:\Program Files (x86)\Microsoft Visual Studio 12.0\VC\include\xutility(2113) : see declaration of 'std::_Copy_impl'
         PositionCache.cpp
     1>C:\Program Files (x86)\Microsoft Visual Studio 12.0\VC\include\xutility(2132): warning C4996: 'std::_Copy_impl': Function call with parameters that may be unsafe - this call relies on the caller to check that the passed values are correct. To disable this warning, use -D_SCL_SECURE_NO_WARNINGS. See documentation on how to use Visual C++ 'Checked Iterators'
                 C:\Program Files (x86)\Microsoft Visual Studio 12.0\VC\include\xutility(2113) : see declaration of 'std::_Copy_impl'
                 c:\git_repos\sqlitebrowser\libs\qscintilla\src\SplitVector.h(98) : see reference to function template instantiation '_OutIt std::copy<T*,T*>(_InIt,_InIt,_OutIt)' being compiled
                 with
                 [
                     _OutIt=int *
         ,            T=int
         ,            _InIt=int *
                 ]
                 c:\git_repos\sqlitebrowser\libs\qscintilla\src\SplitVector.h(89) : while compiling class template member function 'void SplitVector<int>::ReAllocate(int)'
                 c:\git_repos\sqlitebrowser\libs\qscintilla\src\Partitioning.h(23) : see reference to function template instantiation 'void SplitVector<int>::ReAllocate(int)' being compiled
                 c:\git_repos\sqlitebrowser\libs\qscintilla\src\Partitioning.h(19) : see reference to class template instantiation 'SplitVector<int>' being compiled
     1>C:\Program Files (x86)\Microsoft Visual Studio 12.0\VC\include\xutility(2409): warning C4996: 'std::_Copy_backward': Function call with parameters that may be unsafe - this call relies on the caller to check that the passed values are correct. To disable this warning, use -D_SCL_SECURE_NO_WARNINGS. See documentation on how to use Visual C++ 'Checked Iterators'
                 C:\Program Files (x86)\Microsoft Visual Studio 12.0\VC\include\xutility(2394) : see declaration of 'std::_Copy_backward'
                 c:\git_repos\sqlitebrowser\libs\qscintilla\src\SplitVector.h(36) : see reference to function template instantiation '_BidIt2 std::copy_backward<T*,T*>(_BidIt1,_BidIt1,_BidIt2)' being compiled
                 with
                 [
                     _BidIt2=int *
         ,            T=int
         ,            _BidIt1=int *
                 ]
                 c:\git_repos\sqlitebrowser\libs\qscintilla\src\SplitVector.h(29) : while compiling class template member function 'void SplitVector<int>::GapTo(int)'
                 c:\git_repos\sqlitebrowser\libs\qscintilla\src\SplitVector.h(95) : see reference to function template instantiation 'void SplitVector<int>::GapTo(int)' being compiled
         RESearch.cpp
         RunStyles.cpp
     1>C:\Program Files (x86)\Microsoft Visual Studio 12.0\VC\include\xutility(2132): warning C4996: 'std::_Copy_impl': Function call with parameters that may be unsafe - this call relies on the caller to check that the passed values are correct. To disable this warning, use -D_SCL_SECURE_NO_WARNINGS. See documentation on how to use Visual C++ 'Checked Iterators'
                 C:\Program Files (x86)\Microsoft Visual Studio 12.0\VC\include\xutility(2113) : see declaration of 'std::_Copy_impl'
                 c:\git_repos\sqlitebrowser\libs\qscintilla\src\SplitVector.h(98) : see reference to function template instantiation '_OutIt std::copy<T*,T*>(_InIt,_InIt,_OutIt)' being compiled
                 with
                 [
                     _OutIt=int *
         ,            T=int
         ,            _InIt=int *
                 ]
                 c:\git_repos\sqlitebrowser\libs\qscintilla\src\SplitVector.h(89) : while compiling class template member function 'void SplitVector<int>::ReAllocate(int)'
                 c:\git_repos\sqlitebrowser\libs\qscintilla\src\Partitioning.h(23) : see reference to function template instantiation 'void SplitVector<int>::ReAllocate(int)' being compiled
                 c:\git_repos\sqlitebrowser\libs\qscintilla\src\Partitioning.h(19) : see reference to class template instantiation 'SplitVector<int>' being compiled
     1>C:\Program Files (x86)\Microsoft Visual Studio 12.0\VC\include\xutility(2409): warning C4996: 'std::_Copy_backward': Function call with parameters that may be unsafe - this call relies on the caller to check that the passed values are correct. To disable this warning, use -D_SCL_SECURE_NO_WARNINGS. See documentation on how to use Visual C++ 'Checked Iterators'
                 C:\Program Files (x86)\Microsoft Visual Studio 12.0\VC\include\xutility(2394) : see declaration of 'std::_Copy_backward'
                 c:\git_repos\sqlitebrowser\libs\qscintilla\src\SplitVector.h(36) : see reference to function template instantiation '_BidIt2 std::copy_backward<T*,T*>(_BidIt1,_BidIt1,_BidIt2)' being compiled
                 with
                 [
                     _BidIt2=int *
         ,            T=int
         ,            _BidIt1=int *
                 ]
                 c:\git_repos\sqlitebrowser\libs\qscintilla\src\SplitVector.h(29) : while compiling class template member function 'void SplitVector<int>::GapTo(int)'
                 c:\git_repos\sqlitebrowser\libs\qscintilla\src\SplitVector.h(95) : see reference to function template instantiation 'void SplitVector<int>::GapTo(int)' being compiled
         ScintillaBase.cpp
     1>C:\Program Files (x86)\Microsoft Visual Studio 12.0\VC\include\xutility(2132): warning C4996: 'std::_Copy_impl': Function call with parameters that may be unsafe - this call relies on the caller to check that the passed values are correct. To disable this warning, use -D_SCL_SECURE_NO_WARNINGS. See documentation on how to use Visual C++ 'Checked Iterators'
                 C:\Program Files (x86)\Microsoft Visual Studio 12.0\VC\include\xutility(2113) : see declaration of 'std::_Copy_impl'
                 c:\git_repos\sqlitebrowser\libs\qscintilla\src\SplitVector.h(98) : see reference to function template instantiation '_OutIt std::copy<T*,T*>(_InIt,_InIt,_OutIt)' being compiled
                 with
                 [
                     _OutIt=int *
         ,            T=int
         ,            _InIt=int *
                 ]
                 c:\git_repos\sqlitebrowser\libs\qscintilla\src\SplitVector.h(89) : while compiling class template member function 'void SplitVector<int>::ReAllocate(int)'
                 c:\git_repos\sqlitebrowser\libs\qscintilla\src\Partitioning.h(23) : see reference to function template instantiation 'void SplitVector<int>::ReAllocate(int)' being compiled
                 c:\git_repos\sqlitebrowser\libs\qscintilla\src\Partitioning.h(19) : see reference to class template instantiation 'SplitVector<int>' being compiled
     1>C:\Program Files (x86)\Microsoft Visual Studio 12.0\VC\include\xutility(2409): warning C4996: 'std::_Copy_backward': Function call with parameters that may be unsafe - this call relies on the caller to check that the passed values are correct. To disable this warning, use -D_SCL_SECURE_NO_WARNINGS. See documentation on how to use Visual C++ 'Checked Iterators'
                 C:\Program Files (x86)\Microsoft Visual Studio 12.0\VC\include\xutility(2394) : see declaration of 'std::_Copy_backward'
                 c:\git_repos\sqlitebrowser\libs\qscintilla\src\SplitVector.h(36) : see reference to function template instantiation '_BidIt2 std::copy_backward<T*,T*>(_BidIt1,_BidIt1,_BidIt2)' being compiled
                 with
                 [
                     _BidIt2=int *
         ,            T=int
         ,            _BidIt1=int *
                 ]
                 c:\git_repos\sqlitebrowser\libs\qscintilla\src\SplitVector.h(29) : while compiling class template member function 'void SplitVector<int>::GapTo(int)'
                 c:\git_repos\sqlitebrowser\libs\qscintilla\src\SplitVector.h(95) : see reference to function template instantiation 'void SplitVector<int>::GapTo(int)' being compiled
         Selection.cpp
         Style.cpp
         UniConversion.cpp
         ViewStyle.cpp
     1>C:\Program Files (x86)\Microsoft Visual Studio 12.0\VC\include\xutility(2132): warning C4996: 'std::_Copy_impl': Function call with parameters that may be unsafe - this call relies on the caller to check that the passed values are correct. To disable this warning, use -D_SCL_SECURE_NO_WARNINGS. See documentation on how to use Visual C++ 'Checked Iterators'
                 C:\Program Files (x86)\Microsoft Visual Studio 12.0\VC\include\xutility(2113) : see declaration of 'std::_Copy_impl'
                 c:\git_repos\sqlitebrowser\libs\qscintilla\src\SplitVector.h(98) : see reference to function template instantiation '_OutIt std::copy<T*,T*>(_InIt,_InIt,_OutIt)' being compiled
                 with
                 [
                     _OutIt=int *
         ,            T=int
         ,            _InIt=int *
                 ]
                 c:\git_repos\sqlitebrowser\libs\qscintilla\src\SplitVector.h(89) : while compiling class template member function 'void SplitVector<int>::ReAllocate(int)'
                 c:\git_repos\sqlitebrowser\libs\qscintilla\src\Partitioning.h(23) : see reference to function template instantiation 'void SplitVector<int>::ReAllocate(int)' being compiled
                 c:\git_repos\sqlitebrowser\libs\qscintilla\src\Partitioning.h(19) : see reference to class template instantiation 'SplitVector<int>' being compiled
     1>C:\Program Files (x86)\Microsoft Visual Studio 12.0\VC\include\xutility(2409): warning C4996: 'std::_Copy_backward': Function call with parameters that may be unsafe - this call relies on the caller to check that the passed values are correct. To disable this warning, use -D_SCL_SECURE_NO_WARNINGS. See documentation on how to use Visual C++ 'Checked Iterators'
                 C:\Program Files (x86)\Microsoft Visual Studio 12.0\VC\include\xutility(2394) : see declaration of 'std::_Copy_backward'
                 c:\git_repos\sqlitebrowser\libs\qscintilla\src\SplitVector.h(36) : see reference to function template instantiation '_BidIt2 std::copy_backward<T*,T*>(_BidIt1,_BidIt1,_BidIt2)' being compiled
                 with
                 [
                     _BidIt2=int *
         ,            T=int
         ,            _BidIt1=int *
                 ]
                 c:\git_repos\sqlitebrowser\libs\qscintilla\src\SplitVector.h(29) : while compiling class template member function 'void SplitVector<int>::GapTo(int)'
                 c:\git_repos\sqlitebrowser\libs\qscintilla\src\SplitVector.h(95) : see reference to function template instantiation 'void SplitVector<int>::GapTo(int)' being compiled
         XPM.cpp
         moc_compilation.cpp
     1>C:\Program Files (x86)\Microsoft Visual Studio 12.0\VC\include\xutility(2132): warning C4996: 'std::_Copy_impl': Function call with parameters that may be unsafe - this call relies on the caller to check that the passed values are correct. To disable this warning, use -D_SCL_SECURE_NO_WARNINGS. See documentation on how to use Visual C++ 'Checked Iterators'
                 C:\Program Files (x86)\Microsoft Visual Studio 12.0\VC\include\xutility(2113) : see declaration of 'std::_Copy_impl'
                 C:\git_repos\sqlitebrowser\libs\qscintilla\src\SplitVector.h(98) : see reference to function template instantiation '_OutIt std::copy<T*,T*>(_InIt,_InIt,_OutIt)' being compiled
                 with
                 [
                     _OutIt=int *
         ,            T=int
         ,            _InIt=int *
                 ]
                 C:\git_repos\sqlitebrowser\libs\qscintilla\src\SplitVector.h(89) : while compiling class template member function 'void SplitVector<int>::ReAllocate(int)'
                 C:\git_repos\sqlitebrowser\libs\qscintilla\src\Partitioning.h(23) : see reference to function template instantiation 'void SplitVector<int>::ReAllocate(int)' being compiled
                 C:\git_repos\sqlitebrowser\libs\qscintilla\src\Partitioning.h(19) : see reference to class template instantiation 'SplitVector<int>' being compiled
     1>C:\Program Files (x86)\Microsoft Visual Studio 12.0\VC\include\xutility(2409): warning C4996: 'std::_Copy_backward': Function call with parameters that may be unsafe - this call relies on the caller to check that the passed values are correct. To disable this warning, use -D_SCL_SECURE_NO_WARNINGS. See documentation on how to use Visual C++ 'Checked Iterators'
                 C:\Program Files (x86)\Microsoft Visual Studio 12.0\VC\include\xutility(2394) : see declaration of 'std::_Copy_backward'
                 C:\git_repos\sqlitebrowser\libs\qscintilla\src\SplitVector.h(36) : see reference to function template instantiation '_BidIt2 std::copy_backward<T*,T*>(_BidIt1,_BidIt1,_BidIt2)' being compiled
                 with
                 [
                     _BidIt2=int *
         ,            T=int
         ,            _BidIt1=int *
                 ]
                 C:\git_repos\sqlitebrowser\libs\qscintilla\src\SplitVector.h(29) : while compiling class template member function 'void SplitVector<int>::GapTo(int)'
                 C:\git_repos\sqlitebrowser\libs\qscintilla\src\SplitVector.h(95) : see reference to function template instantiation 'void SplitVector<int>::GapTo(int)' being compiled
         Generating Code...
       Lib:
         C:\Program Files (x86)\Microsoft Visual Studio 12.0\VC\bin\x86_amd64\Lib.exe /OUT:"C:\git_repos\sqlitebrowser\libs\qscintilla\Qt4Qt5\Debug\qscintilla2.lib" /NOLOGO /MACHINE:X64   /machine:x64 qscintilla2.dir\Debug\qsciscintilla.obj
         qscintilla2.dir\Debug\qsciscintillabase.obj
         qscintilla2.dir\Debug\qsciabstractapis.obj
         qscintilla2.dir\Debug\qsciapis.obj
         qscintilla2.dir\Debug\qscicommand.obj
         qscintilla2.dir\Debug\qscicommandset.obj
         qscintilla2.dir\Debug\qscidocument.obj
         qscintilla2.dir\Debug\qscilexer.obj
         qscintilla2.dir\Debug\qscilexercustom.obj
         qscintilla2.dir\Debug\qscilexersql.obj
         qscintilla2.dir\Debug\qscimacro.obj
         qscintilla2.dir\Debug\qsciprinter.obj
         qscintilla2.dir\Debug\qscistyle.obj
         qscintilla2.dir\Debug\qscistyledtext.obj
         qscintilla2.dir\Debug\MacPasteboardMime.obj
         qscintilla2.dir\Debug\InputMethod.obj
         qscintilla2.dir\Debug\SciClasses.obj
         qscintilla2.dir\Debug\ListBoxQt.obj
         qscintilla2.dir\Debug\PlatQt.obj
         qscintilla2.dir\Debug\ScintillaQt.obj
         qscintilla2.dir\Debug\LexSQL.obj
         qscintilla2.dir\Debug\Accessor.obj
         qscintilla2.dir\Debug\CharacterCategory.obj
         qscintilla2.dir\Debug\CharacterSet.obj
         qscintilla2.dir\Debug\LexerBase.obj
         qscintilla2.dir\Debug\LexerModule.obj
         qscintilla2.dir\Debug\LexerNoExceptions.obj
         qscintilla2.dir\Debug\LexerSimple.obj
         qscintilla2.dir\Debug\PropSetSimple.obj
         qscintilla2.dir\Debug\StyleContext.obj
         qscintilla2.dir\Debug\WordList.obj
         qscintilla2.dir\Debug\AutoComplete.obj
         qscintilla2.dir\Debug\CallTip.obj
         qscintilla2.dir\Debug\CaseConvert.obj
         qscintilla2.dir\Debug\CaseFolder.obj
         qscintilla2.dir\Debug\Catalogue.obj
         qscintilla2.dir\Debug\CellBuffer.obj
         qscintilla2.dir\Debug\CharClassify.obj
         qscintilla2.dir\Debug\ContractionState.obj
         qscintilla2.dir\Debug\Decoration.obj
         qscintilla2.dir\Debug\Document.obj
         qscintilla2.dir\Debug\Editor.obj
         qscintilla2.dir\Debug\EditModel.obj
         qscintilla2.dir\Debug\EditView.obj
         qscintilla2.dir\Debug\ExternalLexer.obj
         qscintilla2.dir\Debug\Indicator.obj
         qscintilla2.dir\Debug\KeyMap.obj
         qscintilla2.dir\Debug\LineMarker.obj
         qscintilla2.dir\Debug\MarginView.obj
         qscintilla2.dir\Debug\PerLine.obj
         qscintilla2.dir\Debug\PositionCache.obj
         qscintilla2.dir\Debug\RESearch.obj
         qscintilla2.dir\Debug\RunStyles.obj
         qscintilla2.dir\Debug\ScintillaBase.obj
         qscintilla2.dir\Debug\Selection.obj
         qscintilla2.dir\Debug\Style.obj
         qscintilla2.dir\Debug\UniConversion.obj
         qscintilla2.dir\Debug\ViewStyle.obj
         qscintilla2.dir\Debug\XPM.obj
         qscintilla2.dir\Debug\moc_compilation.obj
     1>MacPasteboardMime.obj : warning LNK4221: This object file does not define any previously undefined public symbols, so it will not be used by any link operation that consumes this library
         qscintilla2.vcxproj -> C:\git_repos\sqlitebrowser\libs\qscintilla\Qt4Qt5\Debug\qscintilla2.lib
     1>Done Building Project "C:\git_repos\sqlitebrowser\libs\qscintilla\Qt4Qt5\qscintilla2.vcxproj" (Build target(s)).

Build succeeded.

Time Elapsed 00:00:48.24
